{"/Users/admin/repo/contribution01/server/app/image-minify.js":{"path":"/Users/admin/repo/contribution01/server/app/image-minify.js","s":{"1":1,"2":1,"3":5,"4":5,"5":4,"6":4,"7":1,"8":1,"9":0,"10":1,"11":1,"12":1,"13":2,"14":2,"15":0,"16":2,"17":2,"18":2,"19":1,"20":1,"21":5,"22":5,"23":4,"24":1,"25":1},"b":{"1":[4,1],"2":[1,1,2,1],"3":[0,1],"4":[0,1],"5":[0,2],"6":[0,2],"7":[4,1],"8":[5,5,5]},"f":{"1":5,"2":5,"3":1,"4":1,"5":2,"6":2,"7":5},"fnMap":{"1":{"name":"(anonymous_1)","line":13,"loc":{"start":{"line":13,"column":13},"end":{"line":13,"column":42}}},"2":{"name":"(anonymous_2)","line":16,"loc":{"start":{"line":16,"column":22},"end":{"line":16,"column":39}}},"3":{"name":"(anonymous_3)","line":24,"loc":{"start":{"line":24,"column":71},"end":{"line":24,"column":85}}},"4":{"name":"(anonymous_4)","line":27,"loc":{"start":{"line":27,"column":70},"end":{"line":27,"column":84}}},"5":{"name":"(anonymous_5)","line":36,"loc":{"start":{"line":36,"column":71},"end":{"line":36,"column":85}}},"6":{"name":"(anonymous_6)","line":39,"loc":{"start":{"line":39,"column":65},"end":{"line":39,"column":79}}},"7":{"name":"(anonymous_7)","line":54,"loc":{"start":{"line":54,"column":10},"end":{"line":54,"column":28}}}},"statementMap":{"1":{"start":{"line":1,"column":0},"end":{"line":6,"column":30}},"2":{"start":{"line":13,"column":0},"end":{"line":61,"column":2}},"3":{"start":{"line":16,"column":1},"end":{"line":51,"column":4}},"4":{"start":{"line":17,"column":2},"end":{"line":50,"column":3}},"5":{"start":{"line":19,"column":3},"end":{"line":19,"column":51}},"6":{"start":{"line":21,"column":3},"end":{"line":47,"column":4}},"7":{"start":{"line":24,"column":5},"end":{"line":30,"column":8}},"8":{"start":{"line":25,"column":6},"end":{"line":25,"column":23}},"9":{"start":{"line":25,"column":15},"end":{"line":25,"column":23}},"10":{"start":{"line":27,"column":6},"end":{"line":29,"column":9}},"11":{"start":{"line":28,"column":6},"end":{"line":28,"column":27}},"12":{"start":{"line":31,"column":5},"end":{"line":31,"column":11}},"13":{"start":{"line":36,"column":5},"end":{"line":42,"column":8}},"14":{"start":{"line":37,"column":6},"end":{"line":37,"column":22}},"15":{"start":{"line":37,"column":14},"end":{"line":37,"column":22}},"16":{"start":{"line":39,"column":6},"end":{"line":41,"column":9}},"17":{"start":{"line":40,"column":7},"end":{"line":40,"column":28}},"18":{"start":{"line":43,"column":5},"end":{"line":43,"column":11}},"19":{"start":{"line":46,"column":5},"end":{"line":46,"column":80}},"20":{"start":{"line":49,"column":3},"end":{"line":49,"column":70}},"21":{"start":{"line":54,"column":1},"end":{"line":60,"column":3}},"22":{"start":{"line":55,"column":2},"end":{"line":59,"column":3}},"23":{"start":{"line":56,"column":3},"end":{"line":56,"column":28}},"24":{"start":{"line":58,"column":3},"end":{"line":58,"column":14}},"25":{"start":{"line":63,"column":0},"end":{"line":63,"column":24}}},"branchMap":{"1":{"line":17,"type":"if","locations":[{"start":{"line":17,"column":2},"end":{"line":17,"column":2}},{"start":{"line":17,"column":2},"end":{"line":17,"column":2}}]},"2":{"line":21,"type":"switch","locations":[{"start":{"line":22,"column":4},"end":{"line":31,"column":11}},{"start":{"line":33,"column":4},"end":{"line":33,"column":16}},{"start":{"line":34,"column":4},"end":{"line":43,"column":11}},{"start":{"line":45,"column":4},"end":{"line":46,"column":80}}]},"3":{"line":25,"type":"if","locations":[{"start":{"line":25,"column":6},"end":{"line":25,"column":6}},{"start":{"line":25,"column":6},"end":{"line":25,"column":6}}]},"4":{"line":28,"type":"cond-expr","locations":[{"start":{"line":28,"column":15},"end":{"line":28,"column":18}},{"start":{"line":28,"column":21},"end":{"line":28,"column":25}}]},"5":{"line":37,"type":"if","locations":[{"start":{"line":37,"column":6},"end":{"line":37,"column":6}},{"start":{"line":37,"column":6},"end":{"line":37,"column":6}}]},"6":{"line":40,"type":"cond-expr","locations":[{"start":{"line":40,"column":13},"end":{"line":40,"column":20}},{"start":{"line":40,"column":23},"end":{"line":40,"column":27}}]},"7":{"line":55,"type":"if","locations":[{"start":{"line":55,"column":2},"end":{"line":55,"column":2}},{"start":{"line":55,"column":2},"end":{"line":55,"column":2}}]},"8":{"line":55,"type":"binary-expr","locations":[{"start":{"line":55,"column":6},"end":{"line":55,"column":14}},{"start":{"line":55,"column":18},"end":{"line":55,"column":49}},{"start":{"line":55,"column":53},"end":{"line":55,"column":65}}]}}},"/Users/admin/repo/contribution01/server/app/mail.js":{"path":"/Users/admin/repo/contribution01/server/app/mail.js","s":{"1":1,"2":1,"3":1,"4":1,"5":1,"6":1,"7":0,"8":1,"9":1,"10":1,"11":3,"12":1,"13":1,"14":1,"15":0,"16":1},"b":{"1":[1,0],"2":[1,1,1],"3":[1,2],"4":[0,0]},"f":{"1":1,"2":1,"3":3,"4":0},"fnMap":{"1":{"name":"(anonymous_1)","line":20,"loc":{"start":{"line":20,"column":15},"end":{"line":20,"column":52}}},"2":{"name":"(anonymous_2)","line":22,"loc":{"start":{"line":22,"column":10},"end":{"line":22,"column":28}}},"3":{"name":"(anonymous_3)","line":33,"loc":{"start":{"line":33,"column":14},"end":{"line":33,"column":28}}},"4":{"name":"(anonymous_4)","line":48,"loc":{"start":{"line":48,"column":37},"end":{"line":48,"column":62}}}},"statementMap":{"1":{"start":{"line":1,"column":0},"end":{"line":1,"column":35}},"2":{"start":{"line":4,"column":0},"end":{"line":10,"column":3}},"3":{"start":{"line":20,"column":0},"end":{"line":58,"column":2}},"4":{"start":{"line":22,"column":1},"end":{"line":28,"column":3}},"5":{"start":{"line":23,"column":2},"end":{"line":27,"column":3}},"6":{"start":{"line":24,"column":3},"end":{"line":24,"column":28}},"7":{"start":{"line":26,"column":3},"end":{"line":26,"column":14}},"8":{"start":{"line":30,"column":1},"end":{"line":30,"column":31}},"9":{"start":{"line":32,"column":0},"end":{"line":32,"column":16}},"10":{"start":{"line":33,"column":1},"end":{"line":37,"column":4}},"11":{"start":{"line":34,"column":2},"end":{"line":36,"column":3}},"12":{"start":{"line":35,"column":3},"end":{"line":35,"column":55}},"13":{"start":{"line":39,"column":1},"end":{"line":45,"column":3}},"14":{"start":{"line":48,"column":1},"end":{"line":54,"column":4}},"15":{"start":{"line":49,"column":2},"end":{"line":53,"column":3}},"16":{"start":{"line":60,"column":0},"end":{"line":60,"column":26}}},"branchMap":{"1":{"line":23,"type":"if","locations":[{"start":{"line":23,"column":2},"end":{"line":23,"column":2}},{"start":{"line":23,"column":2},"end":{"line":23,"column":2}}]},"2":{"line":23,"type":"binary-expr","locations":[{"start":{"line":23,"column":6},"end":{"line":23,"column":14}},{"start":{"line":23,"column":18},"end":{"line":23,"column":49}},{"start":{"line":23,"column":53},"end":{"line":23,"column":65}}]},"3":{"line":34,"type":"if","locations":[{"start":{"line":34,"column":2},"end":{"line":34,"column":2}},{"start":{"line":34,"column":2},"end":{"line":34,"column":2}}]},"4":{"line":49,"type":"if","locations":[{"start":{"line":49,"column":2},"end":{"line":49,"column":2}},{"start":{"line":49,"column":2},"end":{"line":49,"column":2}}]}}}}