TN:
SF:/Users/admin/repo/contribution01/server/app/image-minify.js
FN:13,(anonymous_1)
FN:16,(anonymous_2)
FN:24,(anonymous_3)
FN:27,(anonymous_4)
FN:36,(anonymous_5)
FN:39,(anonymous_6)
FN:54,(anonymous_7)
FNF:7
FNH:7
FNDA:5,(anonymous_1)
FNDA:5,(anonymous_2)
FNDA:1,(anonymous_3)
FNDA:1,(anonymous_4)
FNDA:2,(anonymous_5)
FNDA:2,(anonymous_6)
FNDA:5,(anonymous_7)
DA:1,1
DA:13,1
DA:16,5
DA:17,5
DA:19,4
DA:21,4
DA:24,1
DA:25,1
DA:27,1
DA:28,1
DA:31,1
DA:36,2
DA:37,2
DA:39,2
DA:40,2
DA:43,2
DA:46,1
DA:49,1
DA:54,5
DA:55,5
DA:56,4
DA:58,1
DA:63,1
LF:23
LH:23
BRDA:17,1,0,4
BRDA:17,1,1,1
BRDA:21,2,0,1
BRDA:21,2,1,1
BRDA:21,2,2,2
BRDA:21,2,3,1
BRDA:25,3,0,0
BRDA:25,3,1,1
BRDA:28,4,0,0
BRDA:28,4,1,1
BRDA:37,5,0,0
BRDA:37,5,1,2
BRDA:40,6,0,0
BRDA:40,6,1,2
BRDA:55,7,0,4
BRDA:55,7,1,1
BRDA:55,8,0,5
BRDA:55,8,1,5
BRDA:55,8,2,5
BRF:19
BRH:15
end_of_record
TN:
SF:/Users/admin/repo/contribution01/server/app/mail.js
FN:20,(anonymous_1)
FN:22,(anonymous_2)
FN:33,(anonymous_3)
FN:48,(anonymous_4)
FNF:4
FNH:3
FNDA:1,(anonymous_1)
FNDA:1,(anonymous_2)
FNDA:3,(anonymous_3)
FNDA:0,(anonymous_4)
DA:1,1
DA:4,1
DA:20,1
DA:22,1
DA:23,1
DA:24,1
DA:26,0
DA:30,1
DA:32,1
DA:33,1
DA:34,3
DA:35,1
DA:39,1
DA:48,1
DA:49,0
DA:60,1
LF:16
LH:14
BRDA:23,1,0,1
BRDA:23,1,1,0
BRDA:23,2,0,1
BRDA:23,2,1,1
BRDA:23,2,2,1
BRDA:34,3,0,1
BRDA:34,3,1,2
BRDA:49,4,0,0
BRDA:49,4,1,0
BRF:9
BRH:6
end_of_record
